<?xml version="1.0" encoding="UTF-8"?>
<testsuite xmlns:xsi="http://www.w3.org/2001/XMLSchema-instance" xsi:noNamespaceSchemaLocation="https://maven.apache.org/surefire/maven-surefire-plugin/xsd/surefire-test-report-3.0.xsd" version="3.0" name="br.com.erudio.RestWithSpringBootAndKotinErudioApplicationTests" time="15.161" tests="1" errors="0" skipped="0" failures="0">
  <properties>
[...]
</properties>
  <testcase name="contextLoads" classname="br.com.erudio.RestWithSpringBootAndKotinErudioApplicationTests" time="3.066">
    <system-out><![CDATA[14:15:05.427 [main] INFO org.springframework.test.context.support.AnnotationConfigContextLoaderUtils -- Could not detect default configuration classes for test class [br.com.erudio.RestWithSpringBootAndKotinErudioApplicationTests]: RestWithSpringBootAndKotinErudioApplicationTests does not declare any static, non-private, non-final, nested classes annotated with @Configuration.
14:15:06.044 [main] INFO org.springframework.boot.test.context.SpringBootTestContextBootstrapper -- Found @SpringBootConfiguration br.com.erudio.RestWithSpringBootAndKotinErudioApplication for test class br.com.erudio.RestWithSpringBootAndKotinErudioApplicationTests

  .   ____          _            __ _ _
 /\\ / ___'_ __ _ _(_)_ __  __ _ \ \ \ \
( ( )\___ | '_ | '_| | '_ \/ _` | \ \ \ \
 \\/  ___)| |_)| | | | | || (_| |  ) ) ) )
  '  |____| .__|_| |_|_| |_\__, | / / / /
 =========|_|==============|___/=/_/_/_/
 :: Spring Boot ::                (v3.1.0)

2023-05-25T14:15:10.938-03:00  INFO 7620 --- [           main] SpringBootAndKotinErudioApplicationTests : Starting RestWithSpringBootAndKotinErudioApplicationTests using Java 17.0.7 with PID 7620 (started by Debora in C:\cursos\KotlinUdemy\rest-with-spring-boot-and-kotin-erudio)
2023-05-25T14:15:10.943-03:00  INFO 7620 --- [           main] SpringBootAndKotinErudioApplicationTests : No active profile set, falling back to 1 default profile: "default"
2023-05-25T14:15:16.733-03:00  INFO 7620 --- [           main] SpringBootAndKotinErudioApplicationTests : Started RestWithSpringBootAndKotinErudioApplicationTests in 7.667 seconds (process running for 14.006)
]]></system-out>
  </testcase>
</testsuite>